#
# There is insufficient memory for the Java Runtime Environment to continue.
# Native memory allocation (mmap) failed to map 13421772800 bytes. Error detail: committing reserved memory.
# Possible reasons:
#   The system is out of physical RAM or swap space
#   This process is running with CompressedOops enabled, and the Java Heap may be blocking the growth of the native heap
# Possible solutions:
#   Reduce memory load on the system
#   Increase physical memory or swap space
#   Check if swap backing store is full
#   Decrease Java heap size (-Xmx/-Xms)
#   Decrease number of Java threads
#   Decrease Java thread stack sizes (-Xss)
#   Set larger code cache with -XX:ReservedCodeCacheSize=
#   JVM is running with Zero Based Compressed Oops mode in which the Java heap is
#     placed in the first 32GB address space. The Java Heap base address is the
#     maximum limit for the native heap growth. Please use -XX:HeapBaseMinAddress
#     to set the Java Heap base and to place the Java Heap above 32GB virtual address.
# This output file may be truncated or incomplete.
#
#  Out of Memory Error (os_linux.cpp:2829), pid=11071, tid=11073
#
# JRE version:  (21.0.7+6) (build )
# Java VM: OpenJDK 64-Bit Server VM (21.0.7+6-LTS, mixed mode, sharing, tiered, compressed oops, compressed class ptrs, g1 gc, linux-amd64)
# Core dump will be written. Default location: Core dumps may be processed with "/usr/share/apport/apport -p%p -s%s -c%c -d%d -P%P -u%u -g%g -F%F -- %E" (or dumping to /workspaces/ua287/core.11071)
#

---------------  S U M M A R Y ------------

Command Line: -Xms12800M -Xmx12800M server.jar --nogui

Host: AMD EPYC 7763 64-Core Processor, 2 cores, 7G, Ubuntu 24.04.2 LTS
Time: Wed Oct 29 07:07:57 2025 UTC elapsed time: 0.335744 seconds (0d 0h 0m 0s)

---------------  T H R E A D  ---------------

Current thread (0x00007650ac02a840):  JavaThread "Unknown thread" [_thread_in_vm, id=11073, stack(0x00007650b0972000,0x00007650b0a72000) (1024K)]

Stack: [0x00007650b0972000,0x00007650b0a72000],  sp=0x00007650b0a70480,  free space=1017k
Native frames: (J=compiled Java code, j=interpreted, Vv=VM code, C=native code)
V  [libjvm.so+0x100b5e8]  VMError::report_and_die(int, char const*, char const*, __va_list_tag*, Thread*, unsigned char*, void*, void*, char const*, int, unsigned long)+0x2b8  (os_linux.cpp:2829)
V  [libjvm.so+0x100c04d]
V  [libjvm.so+0x6bc1ef]
V  [libjvm.so+0xd077b4]  os::pd_commit_memory_or_exit(char*, unsigned long, unsigned long, bool, char const*)+0xd4
V  [libjvm.so+0xd00c2d]  os::commit_memory_or_exit(char*, unsigned long, unsigned long, bool, char const*)+0x1d
V  [libjvm.so+0x81926b]  G1PageBasedVirtualSpace::commit(unsigned long, unsigned long)+0xfb
V  [libjvm.so+0x82f38f]  G1RegionsLargerThanCommitSizeMapper::commit_regions(unsigned int, unsigned long, WorkerThreads*)+0x9f
V  [libjvm.so+0x8bec65]  HeapRegionManager::commit_regions(unsigned int, unsigned long, WorkerThreads*)+0x55
V  [libjvm.so+0x8c08d2]  HeapRegionManager::expand(unsigned int, unsigned int, WorkerThreads*)+0x32
V  [libjvm.so+0x8c0afe]  HeapRegionManager::expand_by(unsigned int, WorkerThreads*)+0x7e
V  [libjvm.so+0x7d373f]  G1CollectedHeap::expand(unsigned long, WorkerThreads*, double*)+0xff
V  [libjvm.so+0x7d3d54]  G1CollectedHeap::initialize()+0x5c4
V  [libjvm.so+0xfad8c6]  universe_init()+0xd6
V  [libjvm.so+0x8df227]  init_globals()+0x37
V  [libjvm.so+0xf8cbd5]  Threads::create_vm(JavaVMInitArgs*, bool*)+0x2b5
V  [libjvm.so+0x9b9dbf]  JNI_CreateJavaVM+0x4f
C  [libjli.so+0x42bb]  JavaMain+0x8b
C  [libjli.so+0x7e09]  ThreadJavaMain+0x9
C  [libc.so.6+0x9caa4]

---------------  P R O C E S S  ---------------

Threads class SMR info:
_java_thread_list=0x00007650b20d2d40, length=0, elements={
}

Java Threads: ( => current thread )
Total: 0

Other Threads:
  0x00007650ac0524a0 WorkerThread "GC Thread#0"                     [id=11085, stack(0x00007650b0375000,0x00007650b0475000) (1024K)]
  0x00007650ac060260 ConcurrentGCThread "G1 Main Marker"            [id=11086, stack(0x00007650b0274000,0x00007650b0374000) (1024K)]
  0x00007650ac061200 WorkerThread "G1 Conc#0"                       [id=11087, stack(0x00007650b0173000,0x00007650b0273000) (1024K)]

[error occurred during error reporting (printing all threads), id 0xb, SIGSEGV (0xb) at pc=0x00007650b134c690]
VM state: not at safepoint (not fully initialized)

VM Mutex/Monitor currently owned by a thread:  ([mutex/lock_event])
[0x00007650b20acc70] Heap_lock - owner thread: 0x00007650ac02a840

Heap address: 0x00000004e0000000, size: 12800 MB, Compressed Oops mode: Zero based, Oop shift amount: 3

CDS archive(s) mapped at: [0x0000000000000000-0x0000000000000000-0x0000000000000000), size 0, SharedBaseAddress: 0x0000000800000000, ArchiveRelocationMode: 1.
Narrow klass base: 0x0000000000000000, Narrow klass shift: 0, Narrow klass range: 0x0

GC Precious Log:
 CardTable entry size: 512
 Card Set container configuration: InlinePtr #cards 4 size 8 Array Of Cards #cards 64 size 144 Howl #buckets 8 coarsen threshold 14745 Howl Bitmap #cards 2048 size 272 coarsen threshold 1843 Card regions per heap region 1 cards per card region 16384

Heap:
 garbage-first heap   total 0K, used 0K [0x00000004e0000000, 0x0000000800000000)
  region size 8192K, 0 young (0K), 0 survivors (0K)

[error occurred during error reporting (printing heap information), id 0xb, SIGSEGV (0xb) at pc=0x00007650b1912f2a]
GC Heap History (0 events):
No events

Dll operation events (1 events):
Event: 0.327 Loaded shared library /usr/local/sdkman/candidates/java/21.0.7-ms/lib/libjava.so

Deoptimization events (0 events):
No events

Classes loaded (0 events):
No events

Classes unloaded (0 events):
No events

Classes redefined (0 events):
No events

Internal exceptions (0 events):
No events

ZGC Phase Switch (0 events):
No events

VM Operations (0 events):
No events

Memory protections (1 events):
Event: 0.252 Protecting memory [0x00007650b0972000,0x00007650b0976000] with protection modes 0

Nmethod flushes (0 events):
No events

Events (0 events):
No events


Dynamic libraries:
5a4da7b7e000-5a4da7b7f000 r-xp 00000000 00:2e 560968                     /usr/local/sdkman/candidates/java/21.0.7-ms/bin/java
5a4da7b80000-5a4da7b81000 r--p 00001000 00:2e 560968                     /usr/local/sdkman/candidates/java/21.0.7-ms/bin/java
5a4da7b81000-5a4da7b82000 rw-p 00002000 00:2e 560968                     /usr/local/sdkman/candidates/java/21.0.7-ms/bin/java
5a4dc8290000-5a4dc82d6000 rw-p 00000000 00:00 0                          [heap]
765076000000-765078021000 rw-p 00000000 00:00 0 
765078021000-76507c000000 ---p 00000000 00:00 0 
76507c000000-76507c021000 rw-p 00000000 00:00 0 
76507c021000-765080000000 ---p 00000000 00:00 0 
765080000000-765080021000 rw-p 00000000 00:00 0 
765080021000-765084000000 ---p 00000000 00:00 0 
765084894000-765084e00000 rw-p 00000000 00:00 0 
765084e00000-765094800000 ---p 00000000 00:00 0 
765094800000-765094a70000 rwxp 00000000 00:00 0 
765094a70000-76509bd38000 ---p 00000000 00:00 0 
76509bd38000-76509bfa8000 rwxp 00000000 00:00 0 
76509bfa8000-76509c2c7000 ---p 00000000 00:00 0 
76509c2c7000-76509c537000 rwxp 00000000 00:00 0 
76509c537000-7650a3800000 ---p 00000000 00:00 0 
7650a388a000-7650ac000000 r--s 00000000 00:2e 561455                     /usr/local/sdkman/candidates/java/21.0.7-ms/lib/modules
7650ac000000-7650ac093000 rw-p 00000000 00:00 0 
7650ac093000-7650b0000000 ---p 00000000 00:00 0 
7650b0071000-7650b0172000 rw-p 00000000 00:00 0 
7650b0172000-7650b0173000 ---p 00000000 00:00 0 
7650b0173000-7650b0273000 rw-p 00000000 00:00 0 
7650b0273000-7650b0274000 ---p 00000000 00:00 0 
7650b0274000-7650b0374000 rw-p 00000000 00:00 0 
7650b0374000-7650b0375000 ---p 00000000 00:00 0 
7650b0375000-7650b0475000 rw-p 00000000 00:00 0 
7650b0475000-7650b074a000 rw-p 00000000 00:00 0 
7650b074a000-7650b0830000 ---p 00000000 00:00 0 
7650b0830000-7650b0835000 rw-p 00000000 00:00 0 
7650b0835000-7650b091b000 ---p 00000000 00:00 0 
7650b091b000-7650b0920000 rw-p 00000000 00:00 0 
7650b0920000-7650b0927000 ---p 00000000 00:00 0 
7650b0927000-7650b0947000 r-xp 00000000 00:2e 561430                     /usr/local/sdkman/candidates/java/21.0.7-ms/lib/libjava.so
7650b0947000-7650b0948000 ---p 00020000 00:2e 561430                     /usr/local/sdkman/candidates/java/21.0.7-ms/lib/libjava.so
7650b0948000-7650b0949000 r--p 00020000 00:2e 561430                     /usr/local/sdkman/candidates/java/21.0.7-ms/lib/libjava.so
7650b0949000-7650b094a000 rw-p 00021000 00:2e 561430                     /usr/local/sdkman/candidates/java/21.0.7-ms/lib/libjava.so
7650b094a000-7650b094b000 rw-p 00000000 00:00 0 
7650b094b000-7650b0953000 rw-s 00000000 08:21 393222                     /tmp/hsperfdata_codespace/11071
7650b0953000-7650b096e000 r-xp 00000000 00:2e 561434                     /usr/local/sdkman/candidates/java/21.0.7-ms/lib/libjimage.so
7650b096e000-7650b096f000 ---p 0001b000 00:2e 561434                     /usr/local/sdkman/candidates/java/21.0.7-ms/lib/libjimage.so
7650b096f000-7650b0971000 r--p 0001b000 00:2e 561434                     /usr/local/sdkman/candidates/java/21.0.7-ms/lib/libjimage.so
7650b0971000-7650b0972000 rw-p 0001d000 00:2e 561434                     /usr/local/sdkman/candidates/java/21.0.7-ms/lib/libjimage.so
7650b0972000-7650b0976000 ---p 00000000 00:00 0 
7650b0976000-7650b0a72000 rw-p 00000000 00:00 0 
7650b0a72000-7650b0a82000 r--p 00000000 00:2e 132014                     /usr/lib/x86_64-linux-gnu/libm.so.6
7650b0a82000-7650b0b01000 r-xp 00010000 00:2e 132014                     /usr/lib/x86_64-linux-gnu/libm.so.6
7650b0b01000-7650b0b59000 r--p 0008f000 00:2e 132014                     /usr/lib/x86_64-linux-gnu/libm.so.6
7650b0b59000-7650b0b5a000 r--p 000e7000 00:2e 132014                     /usr/lib/x86_64-linux-gnu/libm.so.6
7650b0b5a000-7650b0b5b000 rw-p 000e8000 00:2e 132014                     /usr/lib/x86_64-linux-gnu/libm.so.6
7650b0b5b000-7650b0b5c000 r--p 00000000 00:2e 132053                     /usr/lib/x86_64-linux-gnu/librt.so.1
7650b0b5c000-7650b0b5d000 r-xp 00001000 00:2e 132053                     /usr/lib/x86_64-linux-gnu/librt.so.1
7650b0b5d000-7650b0b5e000 r--p 00002000 00:2e 132053                     /usr/lib/x86_64-linux-gnu/librt.so.1
7650b0b5e000-7650b0b5f000 r--p 00002000 00:2e 132053                     /usr/lib/x86_64-linux-gnu/librt.so.1
7650b0b5f000-7650b0b60000 rw-p 00003000 00:2e 132053                     /usr/lib/x86_64-linux-gnu/librt.so.1
7650b0b60000-7650b1f76000 r-xp 00000000 00:2e 561467                     /usr/local/sdkman/candidates/java/21.0.7-ms/lib/server/libjvm.so
7650b1f76000-7650b1f77000 ---p 01416000 00:2e 561467                     /usr/local/sdkman/candidates/java/21.0.7-ms/lib/server/libjvm.so
7650b1f77000-7650b204b000 r--p 01416000 00:2e 561467                     /usr/local/sdkman/candidates/java/21.0.7-ms/lib/server/libjvm.so
7650b204b000-7650b207b000 rw-p 014ea000 00:2e 561467                     /usr/local/sdkman/candidates/java/21.0.7-ms/lib/server/libjvm.so
7650b207b000-7650b20e5000 rw-p 00000000 00:00 0 
7650b20e5000-7650b210d000 r--p 00000000 00:2e 131972                     /usr/lib/x86_64-linux-gnu/libc.so.6
7650b210d000-7650b2295000 r-xp 00028000 00:2e 131972                     /usr/lib/x86_64-linux-gnu/libc.so.6
7650b2295000-7650b22e4000 r--p 001b0000 00:2e 131972                     /usr/lib/x86_64-linux-gnu/libc.so.6
7650b22e4000-7650b22e8000 r--p 001fe000 00:2e 131972                     /usr/lib/x86_64-linux-gnu/libc.so.6
7650b22e8000-7650b22ea000 rw-p 00202000 00:2e 131972                     /usr/lib/x86_64-linux-gnu/libc.so.6
7650b22ea000-7650b22f7000 rw-p 00000000 00:00 0 
7650b22f7000-7650b22f8000 r--p 00000000 00:2e 131986                     /usr/lib/x86_64-linux-gnu/libdl.so.2
7650b22f8000-7650b22f9000 r-xp 00001000 00:2e 131986                     /usr/lib/x86_64-linux-gnu/libdl.so.2
7650b22f9000-7650b22fa000 r--p 00002000 00:2e 131986                     /usr/lib/x86_64-linux-gnu/libdl.so.2
7650b22fa000-7650b22fb000 r--p 00002000 00:2e 131986                     /usr/lib/x86_64-linux-gnu/libdl.so.2
7650b22fb000-7650b22fc000 rw-p 00003000 00:2e 131986                     /usr/lib/x86_64-linux-gnu/libdl.so.2
7650b22fc000-7650b22fd000 r--p 00000000 00:2e 132051                     /usr/lib/x86_64-linux-gnu/libpthread.so.0
7650b22fd000-7650b22fe000 r-xp 00001000 00:2e 132051                     /usr/lib/x86_64-linux-gnu/libpthread.so.0
7650b22fe000-7650b22ff000 r--p 00002000 00:2e 132051                     /usr/lib/x86_64-linux-gnu/libpthread.so.0
7650b22ff000-7650b2300000 r--p 00002000 00:2e 132051                     /usr/lib/x86_64-linux-gnu/libpthread.so.0
7650b2300000-7650b2301000 rw-p 00003000 00:2e 132051                     /usr/lib/x86_64-linux-gnu/libpthread.so.0
7650b2301000-7650b230f000 r-xp 00000000 00:2e 561435                     /usr/local/sdkman/candidates/java/21.0.7-ms/lib/libjli.so
7650b230f000-7650b2310000 ---p 0000e000 00:2e 561435                     /usr/local/sdkman/candidates/java/21.0.7-ms/lib/libjli.so
7650b2310000-7650b2311000 r--p 0000e000 00:2e 561435                     /usr/local/sdkman/candidates/java/21.0.7-ms/lib/libjli.so
7650b2311000-7650b2312000 rw-p 0000f000 00:2e 561435                     /usr/local/sdkman/candidates/java/21.0.7-ms/lib/libjli.so
7650b2312000-7650b2314000 r--p 00000000 00:2e 132085                     /usr/lib/x86_64-linux-gnu/libz.so.1.3
7650b2314000-7650b2326000 r-xp 00002000 00:2e 132085                     /usr/lib/x86_64-linux-gnu/libz.so.1.3
7650b2326000-7650b232c000 r--p 00014000 00:2e 132085                     /usr/lib/x86_64-linux-gnu/libz.so.1.3
7650b232c000-7650b232d000 r--p 0001a000 00:2e 132085                     /usr/lib/x86_64-linux-gnu/libz.so.1.3
7650b232d000-7650b232e000 rw-p 0001b000 00:2e 132085                     /usr/lib/x86_64-linux-gnu/libz.so.1.3
7650b2332000-7650b2333000 ---p 00000000 00:00 0 
7650b2333000-7650b2334000 r--p 00000000 00:00 0 
7650b2334000-7650b2335000 ---p 00000000 00:00 0 
7650b2335000-7650b2337000 rw-p 00000000 00:00 0 
7650b2337000-7650b2338000 r--p 00000000 00:2e 131952                     /usr/lib/x86_64-linux-gnu/ld-linux-x86-64.so.2
7650b2338000-7650b2363000 r-xp 00001000 00:2e 131952                     /usr/lib/x86_64-linux-gnu/ld-linux-x86-64.so.2
7650b2363000-7650b236d000 r--p 0002c000 00:2e 131952                     /usr/lib/x86_64-linux-gnu/ld-linux-x86-64.so.2
7650b236d000-7650b236f000 r--p 00036000 00:2e 131952                     /usr/lib/x86_64-linux-gnu/ld-linux-x86-64.so.2
7650b236f000-7650b2371000 rw-p 00038000 00:2e 131952                     /usr/lib/x86_64-linux-gnu/ld-linux-x86-64.so.2
7ffe61d29000-7ffe61d4b000 rw-p 00000000 00:00 0                          [stack]
7ffe61da2000-7ffe61da6000 r--p 00000000 00:00 0                          [vvar]
7ffe61da6000-7ffe61da8000 r-xp 00000000 00:00 0                          [vdso]
ffffffffff600000-ffffffffff601000 --xp 00000000 00:00 0                  [vsyscall]
Total number of mappings: 99


VM Arguments:
jvm_args: -Xms12800M -Xmx12800M 
java_command: server.jar --nogui
java_class_path (initial): server.jar
Launcher Type: SUN_STANDARD

[Global flags]
     intx CICompilerCount                          = 2                                         {product} {ergonomic}
     uint ConcGCThreads                            = 1                                         {product} {ergonomic}
     uint G1ConcRefinementThreads                  = 2                                         {product} {ergonomic}
   size_t G1HeapRegionSize                         = 8388608                                   {product} {ergonomic}
    uintx GCDrainStackTargetSize                   = 64                                        {product} {ergonomic}
   size_t InitialHeapSize                          = 13421772800                               {product} {command line}
   size_t MarkStackSize                            = 4194304                                   {product} {ergonomic}
   size_t MaxHeapSize                              = 13421772800                               {product} {command line}
   size_t MinHeapDeltaBytes                        = 8388608                                   {product} {ergonomic}
   size_t MinHeapSize                              = 13421772800                               {product} {command line}
    uintx NonNMethodCodeHeapSize                   = 5826188                                {pd product} {ergonomic}
    uintx NonProfiledCodeHeapSize                  = 122916026                              {pd product} {ergonomic}
    uintx ProfiledCodeHeapSize                     = 122916026                              {pd product} {ergonomic}
    uintx ReservedCodeCacheSize                    = 251658240                              {pd product} {ergonomic}
     bool SegmentedCodeCache                       = true                                      {product} {ergonomic}
   size_t SoftMaxHeapSize                          = 13421772800                            {manageable} {ergonomic}
     bool UseCompressedOops                        = true                           {product lp64_product} {ergonomic}
     bool UseG1GC                                  = true                                      {product} {ergonomic}

Logging:
Log output configuration:
 #0: stdout all=warning uptime,level,tags foldmultilines=false
 #1: stderr all=off uptime,level,tags foldmultilines=false

Environment Variables:
JAVA_HOME=/usr/local/sdkman/candidates/java/current
PATH=/usr/local/rvm/gems/ruby-3.4.1/bin:/usr/local/rvm/gems/ruby-3.4.1@global/bin:/usr/local/rvm/rubies/ruby-3.4.1/bin:/vscode/bin/linux-x64/7d842fb85a0275a4a8e4d7e040d2625abbf7f084/bin/remote-cli:/home/codespace/.local/bin:/home/codespace/.dotnet:/home/codespace/nvm/current/bin:/home/codespace/.php/current/bin:/home/codespace/.python/current/bin:/home/codespace/java/current/bin:/home/codespace/.ruby/current/bin:/home/codespace/.local/bin:/usr/local/python/current/bin:/usr/local/py-utils/bin:/usr/local/jupyter:/usr/local/oryx:/usr/local/go/bin:/go/bin:/usr/local/sdkman/bin:/usr/local/sdkman/candidates/java/current/bin:/usr/local/sdkman/candidates/gradle/current/bin:/usr/local/sdkman/candidates/maven/current/bin:/usr/local/sdkman/candidates/ant/current/bin:/usr/local/rvm/gems/default/bin:/usr/local/rvm/gems/default@global/bin:/usr/local/rvm/rubies/default/bin:/usr/local/share/rbenv/bin:/usr/local/php/current/bin:/opt/conda/bin:/usr/local/nvs:/usr/local/share/nvm/versions/node/v22.17.0/bin:/usr/local/hugo/bin:/usr/local/sbin:/usr/local/bin:/usr/sbin:/usr/bin:/sbin:/bin:/usr/share/dotnet:/home/codespace/.dotnet/tools:/usr/local/rvm/bin
SHELL=/bin/bash
LANG=C.UTF-8
TERM=xterm-256color

Active Locale:
LC_ALL=C
LC_COLLATE=C
LC_CTYPE=C
LC_MESSAGES=C
LC_MONETARY=C
LC_NUMERIC=C
LC_TIME=C

Signal Handlers:
   SIGSEGV: crash_handler in libjvm.so, mask=11100100010111111101111111111110, flags=SA_RESTART|SA_SIGINFO, unblocked
    SIGBUS: crash_handler in libjvm.so, mask=11100100010111111101111111111110, flags=SA_RESTART|SA_SIGINFO, unblocked
    SIGFPE: crash_handler in libjvm.so, mask=11100100010111111101111111111110, flags=SA_RESTART|SA_SIGINFO, unblocked
   SIGPIPE: javaSignalHandler in libjvm.so, mask=11100100010111111101111111111110, flags=SA_RESTART|SA_SIGINFO, blocked
   SIGXFSZ: javaSignalHandler in libjvm.so, mask=11100100010111111101111111111110, flags=SA_RESTART|SA_SIGINFO, blocked
    SIGILL: crash_handler in libjvm.so, mask=11100100010111111101111111111110, flags=SA_RESTART|SA_SIGINFO, unblocked
   SIGUSR2: SR_handler in libjvm.so, mask=00000000000000000000000000000000, flags=SA_RESTART|SA_SIGINFO, blocked
    SIGHUP: SIG_DFL, mask=00000000000000000000000000000000, flags=none, blocked
    SIGINT: SIG_DFL, mask=00000000000000000000000000000000, flags=none, blocked
   SIGTERM: SIG_DFL, mask=00000000000000000000000000000000, flags=none, blocked
   SIGQUIT: UserHandler in libjvm.so, mask=11100100010111111101111111111110, flags=SA_RESTART|SA_SIGINFO, blocked
   SIGTRAP: crash_handler in libjvm.so, mask=11100100010111111101111111111110, flags=SA_RESTART|SA_SIGINFO, unblocked


Periodic native trim disabled

---------------  S Y S T E M  ---------------

OS:
DISTRIB_ID=Ubuntu
DISTRIB_RELEASE=24.04
DISTRIB_CODENAME=noble
DISTRIB_DESCRIPTION="Ubuntu 24.04.2 LTS"
uname: Linux 6.8.0-1030-azure #35~22.04.1-Ubuntu SMP Mon May 26 18:08:30 UTC 2025 x86_64
OS uptime: 0 days 0:16 hours
libc: glibc 2.39 NPTL 2.39 
rlimit (soft/hard): STACK 8192k/infinity , CORE infinity/infinity , NPROC infinity/infinity , NOFILE 1048576/1048576 , AS infinity/infinity , CPU infinity/infinity , DATA infinity/infinity , FSIZE infinity/infinity , MEMLOCK 8192k/8192k
load average: 0.59 0.66 0.81

/proc/meminfo:
MemTotal:        8135332 kB
MemFree:          167204 kB
MemAvailable:    6005204 kB
Buffers:          238456 kB
Cached:          5762872 kB
SwapCached:            0 kB
Active:          2704884 kB
Inactive:        4825272 kB
Active(anon):    1388876 kB
Inactive(anon):   213368 kB
Active(file):    1316008 kB
Inactive(file):  4611904 kB
Unevictable:       31064 kB
Mlocked:           27992 kB
SwapTotal:             0 kB
SwapFree:              0 kB
Zswap:                 0 kB
Zswapped:              0 kB
Dirty:             30920 kB
Writeback:             0 kB
AnonPages:       1522556 kB
Mapped:           547692 kB
Shmem:             64264 kB
KReclaimable:     223716 kB
Slab:             312340 kB
SReclaimable:     223716 kB
SUnreclaim:        88624 kB
KernelStack:        6784 kB
PageTables:        22176 kB
SecPageTables:         0 kB
NFS_Unstable:          0 kB
Bounce:                0 kB
WritebackTmp:          0 kB
CommitLimit:     4067664 kB
Committed_AS:    3325604 kB
VmallocTotal:   34359738367 kB
VmallocUsed:       39996 kB
VmallocChunk:          0 kB
Percpu:             1184 kB
HardwareCorrupted:     0 kB
AnonHugePages:    876544 kB
ShmemHugePages:        0 kB
ShmemPmdMapped:        0 kB
FileHugePages:         0 kB
FilePmdMapped:         0 kB
Unaccepted:            0 kB
HugePages_Total:       0
HugePages_Free:        0
HugePages_Rsvd:        0
HugePages_Surp:        0
Hugepagesize:       2048 kB
Hugetlb:               0 kB
DirectMap4k:      116672 kB
DirectMap2M:     4077568 kB
DirectMap1G:     6291456 kB

/sys/kernel/mm/transparent_hugepage/enabled: [always] madvise never
/sys/kernel/mm/transparent_hugepage/hpage_pmd_size: 2097152
/sys/kernel/mm/transparent_hugepage/defrag (defrag/compaction efforts parameter): always defer defer+madvise [madvise] never

Process Memory:
Virtual Size: 977212K (peak: 14079888K)
Resident Set Size: 20096K (peak: 20096K) (anon: 7040K, file: 13056K, shmem: 0K)
Swapped out: 0K
C-Heap outstanding allocations: 9926K, retained: 601K
glibc malloc tunables: (default)

/proc/sys/kernel/threads-max (system-wide limit on the number of threads): 63498
/proc/sys/vm/max_map_count (maximum number of memory map areas a process may have): 65530
/proc/sys/vm/swappiness (control to define how aggressively the kernel swaps out anonymous memory): 60
/proc/sys/kernel/pid_max (system-wide limit on number of process identifiers): 4194304

container (cgroup) information:
container_type: cgroupv2
cpu_cpuset_cpus: not supported
cpu_memory_nodes: not supported
active_processor_count: 2
cpu_quota: no quota
cpu_period: 100000
cpu_shares: no shares
memory_limit_in_bytes: unlimited
memory_and_swap_limit_in_bytes: unlimited
memory_soft_limit_in_bytes: unlimited
memory_usage_in_bytes: 1658216 k
memory_max_usage_in_bytes: not supported
memory_swap_current_in_bytes: unlimited
memory_swap_max_limit_in_bytes: unlimited
maximum number of tasks: unlimited
current number of tasks: 94

Hyper-V virtualization detected
Steal ticks since vm start: 0
Steal ticks percentage since vm start:  0.000

CPU: total 2 (initial active 2) (16 cores per cpu, 2 threads per core) family 25 model 1 stepping 1 microcode 0xffffffff, cx8, cmov, fxsr, ht, mmx, 3dnowpref, sse, sse2, sse3, ssse3, sse4a, sse4.1, sse4.2, popcnt, lzcnt, tsc, tscinvbit, avx, avx2, aes, erms, clmul, bmi1, bmi2, adx, sha, fma, vzeroupper, clflush, clflushopt, hv, rdtscp, rdpid, fsrm, f16c, cet_ss
CPU Model and flags from /proc/cpuinfo:
model name	: AMD EPYC 7763 64-Core Processor
flags		: fpu vme de pse tsc msr pae mce cx8 apic sep mtrr pge mca cmov pat pse36 clflush mmx fxsr sse sse2 ht syscall nx mmxext fxsr_opt pdpe1gb rdtscp lm constant_tsc rep_good nopl tsc_reliable nonstop_tsc cpuid extd_apicid aperfmperf tsc_known_freq pni pclmulqdq ssse3 fma cx16 pcid sse4_1 sse4_2 movbe popcnt aes xsave avx f16c rdrand hypervisor lahf_lm cmp_legacy svm cr8_legacy abm sse4a misalignsse 3dnowprefetch osvw topoext vmmcall fsgsbase bmi1 avx2 smep bmi2 erms invpcid rdseed adx smap clflushopt clwb sha_ni xsaveopt xsavec xgetbv1 xsaves user_shstk clzero xsaveerptr rdpru arat npt nrip_save tsc_scale vmcb_clean flushbyasid decodeassists pausefilter pfthreshold v_vmsave_vmload umip vaes vpclmulqdq rdpid fsrm

Online cpus: 0-1
Offline cpus: 
BIOS frequency limitation: <Not Available>
Frequency switch latency (ns): <Not Available>
Available cpu frequencies: <Not Available>
Current governor: <Not Available>
Core performance/turbo boost: <Not Available>

Memory: 4k page, physical 8135332k(6005204k free), swap 0k(0k free)
Page Sizes: 4k

vm_info: OpenJDK 64-Bit Server VM (21.0.7+6-LTS) for linux-amd64 JRE (21.0.7+6-LTS), built on 2025-04-09T22:25:01Z by "MicrosoftCorporation" with gcc 11.3.0

END.
