00:27 prisq     : cancel
00:37 prisq     : 2
00:37 prisq     : 3
00:40 prisq     : 4
00:40 prisq     : 4
00:40 prisq     : 1
01:21 prisq     : 1
01:31 prisq     : 16
12:59 prisq     : as
13:15 prisq     : ா
13:16 prisq     : ா
13:17 prisq     : COMPACTED_WHEAT
13:17 prisq     : <#77DD77>Compacted Wheat
13:19 prisq     : unbreaking 1
13:19 prisq     : C
13:20 prisq     : cancel
13:20 prisq     : WHEAT 64
14:16 prisq     : \
16:18 prisq     : clear
16:28 prisq     : DIAMOND_HOE
16:29 prisq     : gathering.compacted_carrot
16:29 prisq     : gathering.compacted_wheat
16:29 prisq     : gathering.compacted_wheat 5
16:29 prisq     : gathering.compacted_carrot 5
16:29 prisq     : gathering.compacted_potato 5
16:29 prisq     : gathering.compacted_sugar_cane
16:29 prisq     : gathering.compacted_sugar_cane 5
16:30 prisq     : gathering.compacted_nether_wart 5
16:30 prisq     : gathering.compacted_pumpkin 5
16:30 prisq     : material.golden_fish_fillet 1
16:30 prisq     : gathering.compacted_melon 5
16:43 prisq     : Ice-Age Wasteland
19:21 prisq     : diamond_axe 1
19:21 prisq     : gathering.compacted_oak_log 5
19:21 prisq     : gathering.compacted_spruce_log 5
19:21 prisq     : gathering.compacted_birch_log 5
19:21 prisq     : gathering.compacted_dark_oak_log 5
19:22 prisq     : gathering.compacted_jungle_log 5
19:22 prisq     : gathering.compacted_acacia_log 5
19:22 prisq     : a
19:22 prisq     : material.golden_fish_fillet
19:22 prisq     : gathering.compacted_cherry_log 5
23:09 prisq     : prism studio
23:28 prisq     : prismatic
23:30 prisq     : prism
23:30 prisq     : primera
23:30 prisq     : pristium
23:37 prisq     : pryxel
23:38 prisq     : pyxel
23:38 prisq     : Pyxel Studios
